2024-07-25 15:30:24,519 - INFO - Writing file: /home/david/cli_reader/temp/temp.sql
2024-07-25 15:30:24,582 - INFO - DF Columns: Index(['book_id', 'title', 'author_fname', 'author_lname', 'released_year',
       'stock_quantity', 'pages'],
      dtype='object')
2024-07-25 15:30:24,590 - INFO - DataFrame:     book_id                                              title author_fname    author_lname  released_year  stock_quantity  pages
0       1.0                                       The Namesake       Jhumpa          Lahiri         2003.0            32.0  291.0
1       2.0                                    Norse Mythology         Neil          Gaiman         2016.0            43.0  304.0
2       3.0                                      American Gods         Neil          Gaiman         2001.0            12.0  465.0
3       4.0                            Interpreter of Maladies       Jhumpa          Lahiri         1996.0            97.0  198.0
4       5.0                   A Hologram for the King: A Novel         Dave          Eggers         2012.0           154.0  352.0
5       6.0                                         The Circle         Dave          Eggers         2013.0            26.0  504.0
6       7.0          The Amazing Adventures of Kavalier & Clay      Michael          Chabon         2000.0            68.0  634.0
7       8.0                                          Just Kids        Patti           Smith         2010.0            55.0  304.0
8       9.0          A Heartbreaking Work of Staggering Genius         Dave          Eggers         2001.0           104.0  437.0
9      10.0                                           Coraline         Neil          Gaiman         2003.0           100.0  208.0
10     11.0  What We Talk About When We Talk About Love: St...      Raymond          Carver         1981.0            23.0  176.0
11     12.0           Where I'm Calling From: Selected Stories      Raymond          Carver         1989.0            12.0  526.0
12     13.0                                        White Noise          Don         DeLillo         1985.0            49.0  320.0
13     14.0                                        Cannery Row         John       Steinbeck         1945.0            95.0  181.0
14     15.0                                  Oblivion: Stories        David  Foster Wallace         2004.0           172.0  329.0
15     16.0                               Consider the Lobster        David  Foster Wallace         2005.0            92.0  343.0
16      NaN                                                NaN          NaN             NaN            NaN             NaN    NaN
2024-07-25 15:31:57,493 - INFO - Writing file: /home/david/cli_reader/temp/temp.sql
2024-07-25 15:31:57,505 - INFO - DF Columns: Index(['book_id', 'title', 'author_fname', 'author_lname', 'released_year',
       'stock_quantity', 'pages'],
      dtype='object')
2024-07-25 15:31:57,510 - INFO - DataFrame:     book_id                                              title author_fname    author_lname  released_year  stock_quantity  pages
0       1.0                                       The Namesake       Jhumpa          Lahiri         2003.0            32.0  291.0
1       2.0                                    Norse Mythology         Neil          Gaiman         2016.0            43.0  304.0
2       3.0                                      American Gods         Neil          Gaiman         2001.0            12.0  465.0
3       4.0                            Interpreter of Maladies       Jhumpa          Lahiri         1996.0            97.0  198.0
4       5.0                   A Hologram for the King: A Novel         Dave          Eggers         2012.0           154.0  352.0
5       6.0                                         The Circle         Dave          Eggers         2013.0            26.0  504.0
6       7.0          The Amazing Adventures of Kavalier & Clay      Michael          Chabon         2000.0            68.0  634.0
7       8.0                                          Just Kids        Patti           Smith         2010.0            55.0  304.0
8       9.0          A Heartbreaking Work of Staggering Genius         Dave          Eggers         2001.0           104.0  437.0
9      10.0                                           Coraline         Neil          Gaiman         2003.0           100.0  208.0
10     11.0  What We Talk About When We Talk About Love: St...      Raymond          Carver         1981.0            23.0  176.0
11     12.0           Where I'm Calling From: Selected Stories      Raymond          Carver         1989.0            12.0  526.0
12     13.0                                        White Noise          Don         DeLillo         1985.0            49.0  320.0
13     14.0                                        Cannery Row         John       Steinbeck         1945.0            95.0  181.0
14     15.0                                  Oblivion: Stories        David  Foster Wallace         2004.0           172.0  329.0
15     16.0                               Consider the Lobster        David  Foster Wallace         2005.0            92.0  343.0
16      NaN                                                NaN          NaN             NaN            NaN             NaN    NaN
2024-07-27 15:22:44,920 - ERROR - Command skipped: near "index": syntax error
2024-07-27 15:22:44,924 - ERROR - Command skipped: near "index": syntax error
2024-07-27 15:22:44,924 - ERROR - Command skipped: near "index": syntax error
2024-07-27 15:22:44,925 - ERROR - Command skipped: near "index": syntax error
2024-07-27 15:22:44,925 - ERROR - Command skipped: near "index": syntax error
2024-07-27 15:22:44,925 - ERROR - Command skipped: near "index": syntax error
2024-07-27 15:22:44,926 - ERROR - Command skipped: near "index": syntax error
2024-07-27 15:22:44,926 - ERROR - Command skipped: near "index": syntax error
2024-07-27 15:22:44,927 - ERROR - Command skipped: near "index": syntax error
2024-07-27 15:22:44,927 - ERROR - Command skipped: near "index": syntax error
2024-07-27 15:22:44,927 - ERROR - Command skipped: near "index": syntax error
2024-07-27 15:22:44,928 - ERROR - Command skipped: near "index": syntax error
2024-07-27 15:22:44,928 - ERROR - Command skipped: near "index": syntax error
2024-07-27 15:22:44,929 - ERROR - Command skipped: near "index": syntax error
2024-07-27 15:22:44,929 - ERROR - Command skipped: near "index": syntax error
2024-07-27 15:22:44,929 - ERROR - Command skipped: near "index": syntax error
2024-07-27 15:22:44,930 - ERROR - Command skipped: near "index": syntax error
2024-07-27 15:22:44,930 - ERROR - Command skipped: near "index": syntax error
2024-07-27 15:22:44,931 - ERROR - Command skipped: near "index": syntax error
2024-07-27 15:22:44,931 - ERROR - Command skipped: near "index": syntax error
2024-07-27 15:22:44,931 - ERROR - Command skipped: near "index": syntax error
2024-07-27 15:22:44,932 - ERROR - Command skipped: near "index": syntax error
2024-07-27 15:22:44,932 - ERROR - Command skipped: near "index": syntax error
2024-07-27 15:22:44,933 - ERROR - Command skipped: near "index": syntax error
2024-07-27 15:22:44,933 - ERROR - Command skipped: near "index": syntax error
2024-07-27 15:22:44,934 - ERROR - Command skipped: near "index": syntax error
2024-07-27 15:22:44,934 - ERROR - Command skipped: near "index": syntax error
2024-07-27 15:22:44,934 - ERROR - Command skipped: near "index": syntax error
2024-07-27 15:22:44,935 - ERROR - Command skipped: near "index": syntax error
2024-07-27 15:22:44,935 - ERROR - Command skipped: near "index": syntax error
2024-07-27 15:22:44,936 - ERROR - Command skipped: near "index": syntax error
2024-07-27 15:22:44,936 - ERROR - Command skipped: near "index": syntax error
2024-07-27 15:22:44,936 - ERROR - Command skipped: near "index": syntax error
2024-07-27 15:22:44,937 - ERROR - Command skipped: near "index": syntax error
2024-07-27 15:22:44,937 - ERROR - Command skipped: near "index": syntax error
2024-07-27 15:22:44,938 - ERROR - Command skipped: near "index": syntax error
2024-07-27 15:22:44,938 - ERROR - Command skipped: near "index": syntax error
2024-07-27 15:22:44,938 - ERROR - Command skipped: near "index": syntax error
2024-07-27 15:22:44,939 - ERROR - Command skipped: near "index": syntax error
2024-07-27 15:22:44,939 - ERROR - Command skipped: near "index": syntax error
2024-07-27 15:22:44,940 - ERROR - Command skipped: near "index": syntax error
2024-07-27 15:22:44,940 - ERROR - Command skipped: near "index": syntax error
2024-07-27 15:22:44,940 - ERROR - Command skipped: near "index": syntax error
2024-07-27 15:22:44,941 - ERROR - Command skipped: near "index": syntax error
2024-07-27 15:22:44,941 - ERROR - Command skipped: near "index": syntax error
2024-07-27 15:22:44,942 - ERROR - Command skipped: near "index": syntax error
2024-07-27 15:22:44,942 - ERROR - Command skipped: near "index": syntax error
2024-07-27 15:22:44,942 - ERROR - Command skipped: near "index": syntax error
2024-07-27 15:22:44,943 - ERROR - Command skipped: near "index": syntax error
2024-07-27 15:22:44,943 - ERROR - Command skipped: near "index": syntax error
2024-07-27 15:22:44,944 - INFO - DF Columns: Index(['index', 'name', 'abbreviation'], dtype='object')
2024-07-27 15:22:44,945 - INFO - DataFrame: Empty DataFrame
Columns: [index, name, abbreviation]
Index: []
